[    0.000000] Initializing cgroup subsys cpuset
[    0.000000] Initializing cgroup subsys cpu
[    0.000000] Initializing cgroup subsys cpuacct
[    0.000000] Linux version 4.4.0-170-generic (buildd@lcy01-amd64-019) (gcc version 5.4.0 20160609 (Ubuntu 5.4.0-6ubuntu1~16.04.12) ) #199-Ubuntu SMP Thu Nov 14 01:45:04 UTC 2019 (Ubuntu 4.4.0-170.199-generic 4.4.200)
[    0.000000] Command line: BOOT_IMAGE=/boot/vmlinuz-4.4.0-170-generic root=LABEL=cloudimg-rootfs ro console=tty1 console=ttyS0
[    0.000000] KERNEL supported cpus:
[    0.000000]   Intel GenuineIntel
[    0.000000]   AMD AuthenticAMD
[    0.000000]   Centaur CentaurHauls
[    0.000000] x86/fpu: xstate_offset[2]:  576, xstate_sizes[2]:  256
[    0.000000] x86/fpu: Supporting XSAVE feature 0x01: 'x87 floating point registers'
[    0.000000] x86/fpu: Supporting XSAVE feature 0x02: 'SSE registers'
[    0.000000] x86/fpu: Supporting XSAVE feature 0x04: 'AVX registers'
[    0.000000] x86/fpu: Enabled xstate features 0x7, context size is 832 bytes, using 'standard' format.
[    0.000000] e820: BIOS-provided physical RAM map:
[    0.000000] BIOS-e820: [mem 0x0000000000000000-0x000000000009fbff] usable
[    0.000000] BIOS-e820: [mem 0x000000000009fc00-0x000000000009ffff] reserved
[    0.000000] BIOS-e820: [mem 0x00000000000f0000-0x00000000000fffff] reserved
[    0.000000] BIOS-e820: [mem 0x0000000000100000-0x000000003ffeffff] usable
[    0.000000] BIOS-e820: [mem 0x000000003fff0000-0x000000003fffffff] ACPI data
[    0.000000] BIOS-e820: [mem 0x00000000fec00000-0x00000000fec00fff] reserved
[    0.000000] BIOS-e820: [mem 0x00000000fee00000-0x00000000fee00fff] reserved
[    0.000000] BIOS-e820: [mem 0x00000000fffc0000-0x00000000ffffffff] reserved
[    0.000000] NX (Execute Disable) protection: active
[    0.000000] SMBIOS 2.5 present.
[    0.000000] Hypervisor detected: KVM
[    0.000000] Kernel/User page tables isolation: disabled
[    0.000000] e820: last_pfn = 0x3fff0 max_arch_pfn = 0x400000000
[    0.000000] MTRR: Disabled
[    0.000000] x86/PAT: MTRRs disabled, skipping PAT initialization too.
[    0.000000] CPU MTRRs all blank - virtualized system.
[    0.000000] x86/PAT: Configuration [0-7]: WB  WT  UC- UC  WB  WT  UC- UC  
[    0.000000] found SMP MP-table at [mem 0x0009fff0-0x0009ffff] mapped at [ffff88000009fff0]
[    0.000000] Scanning 1 areas for low memory corruption
[    0.000000] RAMDISK: [mem 0x362fa000-0x37174fff]
[    0.000000] ACPI: Early table checksum verification disabled
[    0.000000] ACPI: RSDP 0x00000000000E0000 000024 (v02 VBOX  )
[    0.000000] ACPI: XSDT 0x000000003FFF0030 00003C (v01 VBOX   VBOXXSDT 00000001 ASL  00000061)
[    0.000000] ACPI: FACP 0x000000003FFF00F0 0000F4 (v04 VBOX   VBOXFACP 00000001 ASL  00000061)
[    0.000000] ACPI: DSDT 0x000000003FFF0470 0022EA (v02 VBOX   VBOXBIOS 00000002 INTL 20100528)
[    0.000000] ACPI: FACS 0x000000003FFF0200 000040
[    0.000000] ACPI: FACS 0x000000003FFF0200 000040
[    0.000000] ACPI: APIC 0x000000003FFF0240 00005C (v02 VBOX   VBOXAPIC 00000001 ASL  00000061)
[    0.000000] ACPI: SSDT 0x000000003FFF02A0 0001CC (v01 VBOX   VBOXCPUT 00000002 INTL 20100528)
[    0.000000] No NUMA configuration found
[    0.000000] Faking a node at [mem 0x0000000000000000-0x000000003ffeffff]
[    0.000000] NODE_DATA(0) allocated [mem 0x3ffeb000-0x3ffeffff]
[    0.000000] kvm-clock: Using msrs 4b564d01 and 4b564d00
[    0.000000] kvm-clock: cpu 0, msr 0:3ffe3001, primary cpu clock
[    0.000000] kvm-clock: using sched offset of 3275949646 cycles
[    0.000000] clocksource: kvm-clock: mask: 0xffffffffffffffff max_cycles: 0x1cd42e4dffb, max_idle_ns: 881590591483 ns
[    0.000000] Zone ranges:
[    0.000000]   DMA      [mem 0x0000000000001000-0x0000000000ffffff]
[    0.000000]   DMA32    [mem 0x0000000001000000-0x000000003ffeffff]
[    0.000000]   Normal   empty
[    0.000000]   Device   empty
[    0.000000] Movable zone start for each node
[    0.000000] Early memory node ranges
[    0.000000]   node   0: [mem 0x0000000000001000-0x000000000009efff]
[    0.000000]   node   0: [mem 0x0000000000100000-0x000000003ffeffff]
[    0.000000] Initmem setup node 0 [mem 0x0000000000001000-0x000000003ffeffff]
[    0.000000] ACPI: PM-Timer IO Port: 0x4008
[    0.000000] IOAPIC[0]: apic_id 2, version 32, address 0xfec00000, GSI 0-23
[    0.000000] ACPI: INT_SRC_OVR (bus 0 bus_irq 0 global_irq 2 dfl dfl)
[    0.000000] ACPI: INT_SRC_OVR (bus 0 bus_irq 9 global_irq 9 low level)
[    0.000000] Using ACPI (MADT) for SMP configuration information
[    0.000000] smpboot: Allowing 2 CPUs, 0 hotplug CPUs
[    0.000000] PM: Registered nosave memory: [mem 0x00000000-0x00000fff]
[    0.000000] PM: Registered nosave memory: [mem 0x0009f000-0x0009ffff]
[    0.000000] PM: Registered nosave memory: [mem 0x000a0000-0x000effff]
[    0.000000] PM: Registered nosave memory: [mem 0x000f0000-0x000fffff]
[    0.000000] e820: [mem 0x40000000-0xfebfffff] available for PCI devices
[    0.000000] Booting paravirtualized kernel on KVM
[    0.000000] clocksource: refined-jiffies: mask: 0xffffffff max_cycles: 0xffffffff, max_idle_ns: 7645519600211568 ns
[    0.000000] setup_percpu: NR_CPUS:512 nr_cpumask_bits:512 nr_cpu_ids:2 nr_node_ids:1
[    0.000000] PERCPU: Embedded 33 pages/cpu @ffff88003fc00000 s95448 r8192 d31528 u1048576
[    0.000000] Built 1 zonelists in Node order, mobility grouping on.  Total pages: 257912
[    0.000000] Policy zone: DMA32
[    0.000000] Kernel command line: BOOT_IMAGE=/boot/vmlinuz-4.4.0-170-generic root=LABEL=cloudimg-rootfs ro console=tty1 console=ttyS0
[    0.000000] PID hash table entries: 4096 (order: 3, 32768 bytes)
[    0.000000] Memory: 997728K/1048120K available (8626K kernel code, 1336K rwdata, 4036K rodata, 1488K init, 1288K bss, 50392K reserved, 0K cma-reserved)
[    0.000000] SLUB: HWalign=64, Order=0-3, MinObjects=0, CPUs=2, Nodes=1
[    0.000000] Hierarchical RCU implementation.
[    0.000000] 	Build-time adjustment of leaf fanout to 64.
[    0.000000] 	RCU restricting CPUs from NR_CPUS=512 to nr_cpu_ids=2.
[    0.000000] RCU: Adjusting geometry for rcu_fanout_leaf=64, nr_cpu_ids=2
[    0.000000] NR_IRQS:33024 nr_irqs:440 16
[    0.000000] Console: colour VGA+ 80x25
[    0.000000] console [tty1] enabled
[    0.000000] console [ttyS0] enabled
[    0.000000] tsc: Detected 1992.001 MHz processor
[    0.131439] Calibrating delay loop (skipped) preset value.. 3984.00 BogoMIPS (lpj=7968004)
[    0.133033] pid_max: default: 32768 minimum: 301
[    0.133711] ACPI: Core revision 20150930
[    0.135010] ACPI: 2 ACPI AML tables successfully acquired and loaded
[    0.136073] Security Framework initialized
[    0.136708] Yama: becoming mindful.
[    0.137244] AppArmor: AppArmor initialized
[    0.138114] Dentry cache hash table entries: 131072 (order: 8, 1048576 bytes)
[    0.139619] Inode-cache hash table entries: 65536 (order: 7, 524288 bytes)
[    0.143088] Mount-cache hash table entries: 2048 (order: 2, 16384 bytes)
[    0.144008] Mountpoint-cache hash table entries: 2048 (order: 2, 16384 bytes)
[    0.144966] Initializing cgroup subsys io
[    0.145604] Initializing cgroup subsys memory
[    0.146285] Initializing cgroup subsys devices
[    0.146908] Initializing cgroup subsys freezer
[    0.147569] Initializing cgroup subsys net_cls
[    0.148287] Initializing cgroup subsys perf_event
[    0.148943] Initializing cgroup subsys net_prio
[    0.149667] Initializing cgroup subsys hugetlb
[    0.150362] Initializing cgroup subsys pids
[    0.152031] mce: CPU supports 0 MCE banks
[    0.152633] Last level iTLB entries: 4KB 64, 2MB 8, 4MB 8
[    0.153646] Last level dTLB entries: 4KB 64, 2MB 0, 4MB 0, 1GB 4
[    0.154861] Spectre V1 : Mitigation: usercopy/swapgs barriers and __user pointer sanitization
[    0.156779] Spectre V2 : Mitigation: Enhanced IBRS
[    0.157436] Spectre V2 : Spectre v2 / SpectreRSB mitigation: Filling RSB on context switch
[    0.158662] Speculative Store Bypass: Vulnerable
[    0.161380] Freeing SMP alternatives memory: 36K
[    0.166668] ftrace: allocating 32302 entries in 127 pages
[    0.203760] smpboot: APIC(0) Converting physical 0 to logical package 0
[    0.205049] smpboot: Max logical packages: 1
[    0.205982] x2apic enabled
[    0.206600] Switched APIC routing to physical x2apic.
[    0.208282] ..TIMER: vector=0x30 apic1=0 pin1=2 apic2=-1 pin2=-1
[    0.317317] smpboot: CPU0: Intel(R) Core(TM) i7-8565U CPU @ 1.80GHz (family: 0x6, model: 0x8e, stepping: 0xc)
[    0.318931] Performance Events: unsupported p6 CPU model 142 no PMU driver, software events only.
[    0.328623] KVM setup paravirtual spinlock
[    0.329850] x86: Booting SMP configuration:
[    0.330463] .... node  #0, CPUs:      #1
[    0.331249] kvm-clock: cpu 1, msr 0:3ffe3041, secondary cpu clock
[    0.333349] mce: CPU supports 0 MCE banks
[    0.335782] x86: Booted up 1 node, 2 CPUs
[    0.336548] smpboot: Total of 2 processors activated (7968.00 BogoMIPS)
[    0.338016] devtmpfs: initialized
[    0.340783] evm: security.selinux
[    0.341997] evm: security.SMACK64
[    0.342519] evm: security.SMACK64EXEC
[    0.343090] evm: security.SMACK64TRANSMUTE
[    0.343739] evm: security.SMACK64MMAP
[    0.344325] evm: security.ima
[    0.344892] evm: security.capability
[    0.345675] clocksource: jiffies: mask: 0xffffffff max_cycles: 0xffffffff, max_idle_ns: 7645041785100000 ns
[    0.347066] futex hash table entries: 512 (order: 3, 32768 bytes)
[    0.348302] pinctrl core: initialized pinctrl subsystem
[    0.349176] RTC time: 11:51:20, date: 12/18/19
[    0.352307] NET: Registered protocol family 16
[    0.362147] cpuidle: using governor ladder
[    0.376208] cpuidle: using governor menu
[    0.376931] PCCT header not found.
[    0.377783] ACPI: bus type PCI registered
[    0.378335] acpiphp: ACPI Hot Plug PCI Controller Driver version: 0.5
[    0.379353] PCI: Using configuration type 1 for base access
[    0.391094] ACPI: Added _OSI(Module Device)
[    0.391855] ACPI: Added _OSI(Processor Device)
[    0.392498] ACPI: Added _OSI(3.0 _SCP Extensions)
[    0.393258] ACPI: Added _OSI(Processor Aggregator Device)
[    0.394579] ACPI: Executed 1 blocks of module-level executable AML code
[    0.396897] ACPI: Interpreter enabled
[    0.397567] ACPI: (supports S0 S5)
[    0.398112] ACPI: Using IOAPIC for interrupt routing
[    0.398871] PCI: Using host bridge windows from ACPI; if necessary, use "pci=nocrs" and report a bug
[    0.402504] ACPI: PCI Root Bridge [PCI0] (domain 0000 [bus 00-ff])
[    0.403326] acpi PNP0A03:00: _OSC: OS supports [ASPM ClockPM Segments MSI]
[    0.404687] acpi PNP0A03:00: _OSC: not requesting OS control; OS requires [ExtendedConfig ASPM ClockPM MSI]
[    0.406206] acpi PNP0A03:00: fail to add MMCONFIG information, can't access extended PCI configuration space under this bridge.
[    0.407976] PCI host bridge to bus 0000:00
[    0.408564] pci_bus 0000:00: root bus resource [io  0x0000-0x0cf7 window]
[    0.409662] pci_bus 0000:00: root bus resource [io  0x0d00-0xffff window]
[    0.410502] pci_bus 0000:00: root bus resource [mem 0x000a0000-0x000bffff window]
[    0.411613] pci_bus 0000:00: root bus resource [mem 0x40000000-0xfdffffff window]
[    0.412772] pci_bus 0000:00: root bus resource [bus 00-ff]
[    0.414654] pci 0000:00:01.1: legacy IDE quirk: reg 0x10: [io  0x01f0-0x01f7]
[    0.415598] pci 0000:00:01.1: legacy IDE quirk: reg 0x14: [io  0x03f6]
[    0.416502] pci 0000:00:01.1: legacy IDE quirk: reg 0x18: [io  0x0170-0x0177]
[    0.417472] pci 0000:00:01.1: legacy IDE quirk: reg 0x1c: [io  0x0376]
[    0.430259] pci 0000:00:07.0: quirk: [io  0x4000-0x403f] claimed by PIIX4 ACPI
[    0.438592] pci 0000:00:07.0: quirk: [io  0x4100-0x410f] claimed by PIIX4 SMB
[    0.443544] ACPI: PCI Interrupt Link [LNKA] (IRQs 5 9 10 *11)
[    0.444985] ACPI: PCI Interrupt Link [LNKB] (IRQs 5 9 *10 11)
[    0.446280] ACPI: PCI Interrupt Link [LNKC] (IRQs 5 *9 10 11)
[    0.447463] ACPI: PCI Interrupt Link [LNKD] (IRQs 5 9 10 *11)
[    0.448611] ACPI: Enabled 2 GPEs in block 00 to 07
[    0.449632] vgaarb: setting as boot device: PCI:0000:00:02.0
[    0.450308] vgaarb: device added: PCI:0000:00:02.0,decodes=io+mem,owns=io+mem,locks=none
[    0.451397] vgaarb: loaded
[    0.451847] vgaarb: bridge control possible 0000:00:02.0
[    0.452681] SCSI subsystem initialized
[    0.453267] ACPI: bus type USB registered
[    0.453854] usbcore: registered new interface driver usbfs
[    0.454767] usbcore: registered new interface driver hub
[    0.455688] usbcore: registered new device driver usb
[    0.456788] PCI: Using ACPI for IRQ routing
[    0.457640] NetLabel: Initializing
[    0.458107] NetLabel:  domain hash size = 128
[    0.458769] NetLabel:  protocols = UNLABELED CIPSOv4
[    0.459403] NetLabel:  unlabeled traffic allowed by default
[    0.460250] amd_nb: Cannot enumerate AMD northbridges
[    0.461243] clocksource: Switched to clocksource kvm-clock
[    0.470279] AppArmor: AppArmor Filesystem Enabled
[    0.471209] pnp: PnP ACPI init
[    0.472338] pnp: PnP ACPI: found 3 devices
[    0.481892] clocksource: acpi_pm: mask: 0xffffff max_cycles: 0xffffff, max_idle_ns: 2085701024 ns
[    0.483208] NET: Registered protocol family 2
[    0.483927] TCP established hash table entries: 8192 (order: 4, 65536 bytes)
[    0.484854] TCP bind hash table entries: 8192 (order: 5, 131072 bytes)
[    0.485837] TCP: Hash tables configured (established 8192 bind 8192)
[    0.486671] UDP hash table entries: 512 (order: 2, 16384 bytes)
[    0.487562] UDP-Lite hash table entries: 512 (order: 2, 16384 bytes)
[    0.488460] NET: Registered protocol family 1
[    0.489160] pci 0000:00:00.0: Limiting direct PCI/PCI transfers
[    0.490052] pci 0000:00:01.0: Activating ISA DMA hang workarounds
[    0.493038] Unpacking initramfs...
[    0.692472] Freeing initrd memory: 14828K
[    0.693583] clocksource: tsc: mask: 0xffffffffffffffff max_cycles: 0x396d54029a7, max_idle_ns: 881590429682 ns
[    0.695157] platform rtc_cmos: registered platform RTC device (no PNP device found)
[    0.696284] Scanning for low memory corruption every 60 seconds
[    0.697820] audit: initializing netlink subsys (disabled)
[    0.698572] audit: type=2000 audit(1576669885.142:1): initialized
[    0.699585] Initialise system trusted keyring
[    0.700386] HugeTLB registered 2 MB page size, pre-allocated 0 pages
[    0.702287] zbud: loaded
[    0.703023] VFS: Disk quotas dquot_6.6.0
[    0.703875] VFS: Dquot-cache hash table entries: 512 (order 0, 4096 bytes)
[    0.704974] squashfs: version 4.0 (2009/01/31) Phillip Lougher
[    0.706122] fuse init (API version 7.23)
[    0.706875] Key type big_key registered
[    0.707485] Allocating IMA MOK and blacklist keyrings.
[    0.711303] Key type asymmetric registered
[    0.711928] Asymmetric key parser 'x509' registered
[    0.712844] Block layer SCSI generic (bsg) driver version 0.4 loaded (major 249)
[    0.714186] io scheduler noop registered
[    0.715047] io scheduler deadline registered (default)
[    0.716172] io scheduler cfq registered
[    0.716837] pci_hotplug: PCI Hot Plug PCI Core version: 0.5
[    0.717843] pciehp: PCI Express Hot Plug Controller Driver version: 0.4
[    0.718828] ACPI: AC Adapter [AC] (on-line)
[    0.719579] input: Power Button as /devices/LNXSYSTM:00/LNXPWRBN:00/input/input0
[    0.720728] ACPI: Power Button [PWRF]
[    0.721426] input: Sleep Button as /devices/LNXSYSTM:00/LNXSLPBN:00/input/input1
[    0.722575] ACPI: Sleep Button [SLPF]
[    0.723357] GHES: HEST is not enabled!
[    0.723903] ACPI: Battery Slot [BAT0] (battery present)
[    0.725072] Serial: 8250/16550 driver, 32 ports, IRQ sharing enabled
[    0.746718] 00:02: ttyS0 at I/O 0x3f8 (irq = 4, base_baud = 115200) is a 16550A
[    0.751204] Linux agpgart interface v0.103
[    0.753053] loop: module loaded
[    0.754093] scsi host0: ata_piix
[    0.755075] scsi host1: ata_piix
[    0.755956] ata1: PATA max UDMA/33 cmd 0x1f0 ctl 0x3f6 bmdma 0xd000 irq 14
[    0.757469] ata2: PATA max UDMA/33 cmd 0x170 ctl 0x376 bmdma 0xd008 irq 15
[    0.758711] libphy: Fixed MDIO Bus: probed
[    0.759486] tun: Universal TUN/TAP device driver, 1.6
[    0.760198] tun: (C) 1999-2004 Max Krasnyansky <maxk@qualcomm.com>
[    0.761112] PPP generic driver version 2.4.2
[    0.761952] ehci_hcd: USB 2.0 'Enhanced' Host Controller (EHCI) Driver
[    0.762868] ehci-pci: EHCI PCI platform driver
[    0.764127] ehci-platform: EHCI generic platform driver
[    0.765344] ohci_hcd: USB 1.1 'Open' Host Controller (OHCI) Driver
[    0.766264] ohci-pci: OHCI PCI platform driver
[    0.766981] ohci-platform: OHCI generic platform driver
[    0.767788] uhci_hcd: USB Universal Host Controller Interface driver
[    0.768958] i8042: PNP: PS/2 Controller [PNP0303:PS2K,PNP0f03:PS2M] at 0x60,0x64 irq 1,12
[    0.770637] serio: i8042 KBD port at 0x60,0x64 irq 1
[    0.771666] serio: i8042 AUX port at 0x60,0x64 irq 12
[    0.773268] mousedev: PS/2 mouse device common for all mice
[    0.774483] input: AT Translated Set 2 keyboard as /devices/platform/i8042/serio0/input/input2
[    0.776174] rtc_cmos rtc_cmos: rtc core: registered rtc_cmos as rtc0
[    0.777113] rtc_cmos rtc_cmos: alarms up to one day, 114 bytes nvram
[    0.778106] i2c /dev entries driver
[    0.778719] device-mapper: uevent: version 1.0.3
[    0.779816] device-mapper: ioctl: 4.34.0-ioctl (2015-10-28) initialised: dm-devel@redhat.com
[    0.781058] ledtrig-cpu: registered to indicate activity on CPUs
[    0.782267] NET: Registered protocol family 10
[    0.783090] NET: Registered protocol family 17
[    0.783801] Key type dns_resolver registered
[    0.785125] registered taskstats version 1
[    0.786289] Loading compiled-in X.509 certificates
[    0.788056] Loaded X.509 cert 'Build time autogenerated kernel key: f0e56e97f406068ace47a9bf54316e9855aaaa43'
[    0.790091] zswap: loaded using pool lzo/zbud
[    0.791937] Key type trusted registered
[    0.794757] Key type encrypted registered
[    0.795521] AppArmor: AppArmor sha1 policy hashing enabled
[    0.796266] ima: No TPM chip found, activating TPM-bypass!
[    0.797053] ima: Allocated hash algorithm: sha1
[    0.797876] evm: HMAC attrs: 0x1
[    0.798712]   Magic number: 15:893:883
[    0.799439] rtc_cmos rtc_cmos: setting system clock to 2019-12-18 11:51:21 UTC (1576669881)
[    0.800819] BIOS EDD facility v0.16 2004-Jun-25, 0 devices found
[    0.802235] EDD information not available.
[    0.914375] Freeing unused kernel memory: 1488K
[    0.915048] Write protecting the kernel read-only data: 14336k
[    0.916241] Freeing unused kernel memory: 1604K
[    0.917011] Freeing unused kernel memory: 60K
Loading, please wait...
starting version 229
[    0.928307] random: systemd-udevd: uninitialized urandom read (16 bytes read, 1 bits of entropy available)
[    0.928782] random: udevadm: uninitialized urandom read (16 bytes read, 1 bits of entropy available)
[    0.928794] random: udevadm: uninitialized urandom read (16 bytes read, 1 bits of entropy available)
[    0.933230] random: systemd-udevd: uninitialized urandom read (16 bytes read, 1 bits of entropy available)
[    0.933947] random: udevadm: uninitialized urandom read (16 bytes read, 1 bits of entropy available)
[    0.933973] random: udevadm: uninitialized urandom read (16 bytes read, 1 bits of entropy available)
[    0.934054] random: udevadm: uninitialized urandom read (16 bytes read, 1 bits of entropy available)
[    0.934084] random: udevadm: uninitialized urandom read (16 bytes read, 1 bits of entropy available)
[    0.934112] random: udevadm: uninitialized urandom read (16 bytes read, 1 bits of entropy available)
[    0.934142] random: udevadm: uninitialized urandom read (16 bytes read, 1 bits of entropy available)
[    0.960003] e1000: Intel(R) PRO/1000 Network Driver - version 7.3.21-k8-NAPI
[    0.961025] e1000: Copyright (c) 1999-2006 Intel Corporation.
[    0.963981] Fusion MPT base driver 3.04.20
[    0.964655] Copyright (c) 1999-2008 LSI Corporation
[    0.979114] AVX2 version of gcm_enc/dec engaged.
[    0.979941] AES CTR mode by8 optimization enabled
[    0.980757] Fusion MPT SPI Host driver 3.04.20
[    1.170375] input: ImExPS/2 Generic Explorer Mouse as /devices/platform/i8042/serio1/input/input4
[    1.315752] e1000 0000:00:03.0 eth0: (PCI:33MHz:32-bit) 02:dd:45:a7:5d:a0
[    1.316863] e1000 0000:00:03.0 eth0: Intel(R) PRO/1000 Network Connection
[    1.318497] mptbase: ioc0: Initiating bringup
[    1.318689] e1000 0000:00:03.0 enp0s3: renamed from eth0
[    1.637331] ioc0: LSI53C1030 A0: Capabilities={Initiator}
[    2.689605] scsi host2: ioc0: LSI53C1030 A0, FwRev=00000000h, Ports=1, MaxQ=256, IRQ=20
[    3.315337] scsi 2:0:0:0: Direct-Access     VBOX     HARDDISK         1.0  PQ: 0 ANSI: 5
[    3.316854] scsi target2:0:0: Beginning Domain Validation
[    3.320237] scsi target2:0:0: Domain Validation skipping write tests
[    3.321299] scsi target2:0:0: Ending Domain Validation
[    3.323025] scsi target2:0:0: asynchronous
[    3.325461] scsi 2:0:1:0: Direct-Access     VBOX     HARDDISK         1.0  PQ: 0 ANSI: 5
[    3.327180] scsi target2:0:1: Beginning Domain Validation
[    3.329497] scsi target2:0:1: Domain Validation skipping write tests
[    3.330607] scsi target2:0:1: Ending Domain Validation
[    3.331399] scsi target2:0:1: asynchronous
[    3.341019] sd 2:0:0:0: Attached scsi generic sg0 type 0
[    3.349888] sd 2:0:1:0: Attached scsi generic sg1 type 0
[    3.350064] sd 2:0:0:0: [sda] 20971520 512-byte logical blocks: (10.7 GB/10.0 GiB)
[    3.353294] sd 2:0:1:0: [sdb] 20480 512-byte logical blocks: (10.5 MB/10.0 MiB)
[    3.354691] sd 2:0:0:0: [sda] Write Protect is off
[    3.356181] sd 2:0:0:0: [sda] Incomplete mode parameter data
[    3.357046] sd 2:0:0:0: [sda] Assuming drive cache: write through
[    3.358424] sd 2:0:1:0: [sdb] Write Protect is off
[    3.359650] sd 2:0:1:0: [sdb] Incomplete mode parameter data
[    3.360570] sd 2:0:1:0: [sdb] Assuming drive cache: write through
[    3.371457]  sda: sda1
[    3.374106] sd 2:0:0:0: [sda] Attached SCSI disk
[    3.374895] sd 2:0:1:0: [sdb] Attached SCSI disk
Begin: Loading essential drivers ... [    4.619896] md: linear personality registered for level -1
[    4.622468] md: multipath personality registered for level -4
[    4.624879] md: raid0 personality registered for level 0
[    4.628261] md: raid1 personality registered for level 1
[    4.697261] raid6: sse2x1   gen() 12401 MB/s
[    4.765530] raid6: sse2x1   xor()  8438 MB/s
[    4.833891] raid6: sse2x2   gen() 17680 MB/s
[    4.901251] raid6: sse2x2   xor() 11700 MB/s
[    4.969485] raid6: sse2x4   gen() 17555 MB/s
[    5.037799] raid6: sse2x4   xor() 10279 MB/s
[    5.105273] raid6: avx2x1   gen() 23692 MB/s
[    5.174062] raid6: avx2x2   gen() 21401 MB/s
[    5.241807] raid6: avx2x4   gen() 20464 MB/s
[    5.242925] raid6: using algorithm avx2x1 gen() 23692 MB/s
[    5.244724] raid6: using avx2x2 recovery algorithm
[    5.247151] xor: automatically using best checksumming function:
[    5.285282]    avx       : 26736.000 MB/sec
[    5.287355] async_tx: api initialized (async)
[    5.299024] md: raid6 personality registered for level 6
[    5.300663] md: raid5 personality registered for level 5
[    5.301969] md: raid4 personality registered for level 4
[    5.310821] md: raid10 personality registered for level 10
done.
Begin: Running /scripts/init-premount ... done.
Begin: Mounting root file system ... Begin: Running /scripts/local-top ... done.
Begin: Running /scripts/local-premount ... [    5.339488] Btrfs loaded
Scanning for Btrfs filesystems
done.
Warning: fsck not present, so skipping root file system
[    5.364379] EXT4-fs (sda1): mounted filesystem with ordered data mode. Opts: (null)
done.
Begin: Running /scripts/local-bottom ... done.
Begin: Running /scripts/init-bottom ... done.
[    5.441562] systemd[1]: systemd 229 running in system mode. (+PAM +AUDIT +SELINUX +IMA +APPARMOR +SMACK +SYSVINIT +UTMP +LIBCRYPTSETUP +GCRYPT +GNUTLS +ACL +XZ -LZ4 +SECCOMP +BLKID +ELFUTILS +KMOD -IDN)
[    5.444917] systemd[1]: Detected virtualization oracle.
[    5.445902] systemd[1]: Detected architecture x86-64.

Welcome to [1mUbuntu 16.04.6 LTS[0m!

[    5.449505] systemd[1]: Set hostname to <ubuntu>.
[    5.453433] systemd[1]: Initializing machine ID from random generator.
[    5.454533] systemd[1]: Installed transient /etc/machine-id file.
[    5.559798] systemd[1]: Listening on Journal Socket.
[[0;32m  OK  [0m] Listening on Journal Socket.
[    5.566452] systemd[1]: Listening on Journal Audit Socket.
[[0;32m  OK  [0m] Listening on Journal Audit Socket.
[    5.574416] systemd[1]: Reached target System Time Synchronized.
[[0;32m  OK  [0m] Reached target System Time Synchronized.
[    5.576220] systemd[1]: Listening on udev Kernel Socket.
[[0;32m  OK  [0m] Listening on udev Kernel Socket.
[    5.577903] systemd[1]: Set up automount Arbitrary Executable File Formats File System Automount Point.
[[0;32m  OK  [0m] Set up automount Arbitrary Executab...ats File System Automount Point.
[    5.579943] systemd[1]: Started Forward Password Requests to Wall Directory Watch.
[[0;32m  OK  [0m] Started Forward Password Requests to Wall Directory Watch.
[    5.582337] systemd[1]: Listening on LVM2 poll daemon socket.
[[0;32m  OK  [0m] Listening on LVM2 poll daemon socket.
[    5.590411] systemd[1]: Listening on Syslog Socket.
[[0;32m  OK  [0m] Listening on Syslog Socket.
[    5.592266] systemd[1]: Listening on LVM2 metadata daemon socket.
[[0;32m  OK  [0m] Listening on LVM2 metadata daemon socket.
[    5.609328] systemd[1]: Started Trigger resolvconf update for networkd DNS.
[[0;32m  OK  [0m] Started Trigger resolvconf update for networkd DNS.
[    5.679939] systemd[1]: Reached target Swap.
[[0;32m  OK  [0m] Reached target Swap.
[    5.697199] systemd[1]: Created slice User and Session Slice.
[[0;32m  OK  [0m] Created slice User and Session Slice.
[    5.713571] systemd[1]: Listening on /dev/initctl Compatibility Named Pipe.
[[0;32m  OK  [0m] Listening on /dev/initctl Compatibility Named Pipe.
[    5.721931] systemd[1]: Listening on Device-mapper event daemon FIFOs.
[[0;32m  OK  [0m] Listening on Device-mapper event daemon FIFOs.
[    5.723756] systemd[1]: Listening on Journal Socket (/dev/log).
[[0;32m  OK  [0m] Listening on Journal Socket (/dev/log).
[    6.403495] systemd[1]: Reached target User and Group Name Lookups.
[[0;32m  OK  [0m] Reached target User and Group Name Lookups.
[    6.417470] systemd[1]: Listening on udev Control Socket.
[[0;32m  OK  [0m] Listening on udev Control Socket.
[    6.418953] systemd[1]: Reached target Encrypted Volumes.
[[0;32m  OK  [0m] Reached target Encrypted Volumes.
[    6.463493] systemd[1]: Created slice System Slice.
[[0;32m  OK  [0m] Created slice System Slice.
[    6.464838] systemd[1]: Created slice system-serial\x2dgetty.slice.
[[0;32m  OK  [0m] Created slice system-serial\x2dgetty.slice.
[    6.485488] systemd[1]: Starting Load Kernel Modules...
         Starting Load Kernel Modules...
[    6.487961] systemd[1]: Starting Remount Root and Kernel File Systems...
         Starting Remount Root and Kernel File Systems...
[    6.493357] EXT4-fs (sda1): re-mounted. Opts: (null)
[    6.495308] Loading iSCSI transport class v2.0-870.
[    6.498224] systemd[1]: Starting Journal Service...
         Starting Journal Service...
[    6.506112] systemd[1]: Starting Nameserver information manager...
         Starting Nameserver information manager...
[    6.511262] iscsi: registered transport (tcp)
[    6.521975] systemd[1]: Starting Uncomplicated firewall...
         Starting Uncomplicated firewall...
[    6.524966] systemd[1]: Starting Create list of required static device nodes for the current kernel...
         Starting Create list of required st... nodes for the current kernel...
[    6.533979] iscsi: registered transport (iser)
[    6.534412] systemd[1]: Starting Set console keymap...
         Starting Set console keymap...
[    6.536575] systemd[1]: Reached target Slices.
[[0;32m  OK  [0m] Reached target Slices.
[    6.547281] systemd[1]: Mounting POSIX Message Queue File System...
         Mounting POSIX Message Queue File System...
[    6.554442] systemd[1]: Mounting Huge Pages File System...
         Mounting Huge Pages File System...
[    6.556143] systemd[1]: Mounting Debug File System...
         Mounting Debug File System...
[    6.557920] systemd[1]: Starting Monitoring of LVM2 mirrors, snapshots etc. using dmeventd or progress polling...
         Starting Monitoring of LVM2 mirrors... dmeventd or progress polling...
[    6.561984] systemd[1]: Mounted POSIX Message Queue File System.
[[0;32m  OK  [0m] Mounted POSIX Message Queue File System.
[    6.573954] systemd[1]: Mounted Debug File System.
[[0;32m  OK  [0m] Mounted Debug File System.
[    6.575484] systemd[1]: Mounted Huge Pages File System.
[[0;32m  OK  [0m] Mounted Huge Pages File System.
[    6.577065] systemd[1]: Started Journal Service.
[[0;32m  OK  [0m] Started Journal Service.
[[0;32m  OK  [0m] Started Load Kernel Modules.
[[0;32m  OK  [0m] Started Remount Root and Kernel File Systems.
[[0;32m  OK  [0m] Started Uncomplicated firewall.
[[0;32m  OK  [0m] Started Create list of required sta...ce nodes for the current kernel.
[[0;32m  OK  [0m] Started Set console keymap.
[[0;32m  OK  [0m] Started Nameserver information manager.
[[0;32m  OK  [0m] Started LVM2 metadata daemon.
         Starting Create Static Device Nodes in /dev...
         Starting Load/Save Random Seed...
         Starting udev Coldplug all Devices...
         Starting Apply Kernel Variables...
         Mounting FUSE Control File System...
         Starting Flush Journal to Persistent Storage...
[[0;32m  OK  [0m] Mounted FUSE Control File System.
[[0;32m  OK  [0m] Started Load/Save Random Seed.
[[0;32m  OK  [0m] Started Create Static Device Nodes in /dev.
[[0;32m  OK  [0m] Started Apply Kernel Variables.
         Starting udev Kernel Device Manager...
[[0;32m  OK  [0m] Started Flush Journal to Persistent Storage.
[[0;32m  OK  [0m] Started udev Kernel Device Manager.
[[0;32m  OK  [0m] Started udev Coldplug all Devices.
[[0;32m  OK  [0m] Started Dispatch Password Requests to Console Directory Watch.
[[0;32m  OK  [0m] Found device /dev/ttyS0.
[[0;32m  OK  [0m] Listening on Load/Save RF Kill Switch Status /dev/rfkill Watch.
[[0;32m  OK  [0m] Started Monitoring of LVM2 mirrors,...ng dmeventd or progress polling.
[[0;32m  OK  [0m] Reached target Local File Systems (Pre).
[[0;32m  OK  [0m] Reached target Local File Systems.
         Starting Tell Plymouth To Write Out Runtime Data...
         Starting LSB: AppArmor initialization...
         Starting Set console font and keymap...
         Starting Initial cloud-init job (pre-networking)...
         Starting Commit a transient machine-id on disk...
         Starting Create Volatile Files and Directories...
[[0;32m  OK  [0m] Started Tell Plymouth To Write Out Runtime Data.
[[0;32m  OK  [0m] Started Create Volatile Files and Directories.
         Starting Update UTMP about System Boot/Shutdown...
[[0;32m  OK  [0m] Started Update UTMP about System Boot/Shutdown.
[[0;32m  OK  [0m] Started Commit a transient machine-id on disk.
[[0;32m  OK  [0m] Started Set console font and keymap.
[[0;32m  OK  [0m] Created slice system-getty.slice.
[[0;32m  OK  [0m] Started LSB: AppArmor initialization.
[    7.969503] cloud-init[633]: Cloud-init v. 19.2-36-g059d049c-0ubuntu2~16.04.1 running 'init-local' at Wed, 18 Dec 2019 11:51:28 +0000. Up 7.65 seconds.
[[0;32m  OK  [0m] Started Initial cloud-init job (pre-networking).
[[0;32m  OK  [0m] Reached target Network (Pre).
         Starting Raise network interfaces...
[[0;32m  OK  [0m] Started Raise network interfaces.
[[0;32m  OK  [0m] Reached target Network.
         Starting Initial cloud-init job (metadata service crawler)...
[    8.772919] cloud-init[954]: Cloud-init v. 19.2-36-g059d049c-0ubuntu2~16.04.1 running 'init' at Wed, 18 Dec 2019 11:51:29 +0000. Up 8.36 seconds.
[    8.774338] cloud-init[954]: ci-info: ++++++++++++++++++++++++++++++++++++++Net device info++++++++++++++++++++++++++++++++++++++
[    8.780819] cloud-init[954]: ci-info: +--------+------+----------------------------+---------------+--------+-------------------+
[    8.788600] cloud-init[954]: ci-info: | Device |  Up  |          Address           |      Mask     | Scope  |     Hw-Address    |
[    8.796483] cloud-init[954]: ci-info: +--------+------+----------------------------+---------------+--------+-------------------+
[    8.797636] cloud-init[954]: ci-info: | enp0s3 | True |         10.0.2.15          | 255.255.255.0 | global | 02:dd:45:a7:5d:a0 |
[    8.804263] cloud-init[954]: ci-info: | enp0s3 | True | fe80::dd:45ff:fea7:5da0/64 |       .       |  link  | 02:dd:45:a7:5d:a0 |
[[0;32m  OK  [0m] Started Initial cloud-init job (metadata service crawler).
[[0;32m  OK  [0m] Reached target System Initialization.
         Starting Socket activation for snappy daemon.
[    8.818589] cloud-init[954]: ci-info: |   lo   | True |         127.0.0.1          |   255.0.0.0   |  host  |         .         |
[    8.827399]          Starting LXD - unix socket.
[[0;32m  OK  [0m] Listening on ACPID Listen Socket.
[[0;32m  OK  [0m] Listening on UUID daemon activation socket.
[cloud-init[954]: ci-info: |   lo   | True |          ::1/128           |       .       |  host  |         .         |
[0;32m  OK  [0m] Started Message of the Day.
[    8.836437] [[0;32m  OK  [0m] Started ACPI Events Check.
cloud-init[954]: ci-info: +--------+------+----------------------------+---------------+--------+-------------------+
[    8.844279] [[0;32m  OK  [0m] Reached target Paths.
cloud-init[954]: ci-info: +++++++++++++++++++++++++++Route IPv4 info++++++++++++++++++++++++++++
[    8.852834] [cloud-init[0;32m  OK  [0m[954]: ] ci-info: +-------+-------------+----------+---------------+-----------+-------+Started Daily Cleanup of Temporary Directories.

[    8.860527] [cloud-init[0;32m  OK  [0m[954]: ] Listening on D-Bus System Message Bus Socket.
ci-info: | Route | Destination | Gateway  |    Genmask    | Interface | Flags |
[    8.869245] [[0;32m  OK  [0m] Started Daily apt download activities.
cloud-init[954]: ci-info: +-------+-------------+----------+---------------+-----------+-------+
[    8.870291] [[0;32m  OK  [0m] Started Daily apt upgrade and clean activities.
cloud-init[954]: ci-info: |   0   |   0.0.0.0   | 10.0.2.2 |    0.0.0.0    |   enp0s3  |   UG  |
[[0;32m  OK  [0m] Reached target Timers.
[[0;32m  OK  [0m] Reached target Network is Online.
[    8.871246] cloud-init[954]: ci-info: |   1   |   10.0.2.0  | 0.0.0.0  | 255.255.255.0 |   enp0s3  |   U   |
[    8.873315] cloud-init[954]: ci-info: +-------+-------------+----------+---------------+-----------+-------+
[    8.874316] cloud-init[954]: ci-info: +++++++++++++++++++Route IPv6 info+++++++++++++++++++
[    8.875334] cloud-init[954]: ci-info: +-------+-------------+---------+-----------+-------+
[    8.876346] cloud-init[954]: ci-info: | Route | Destination | Gateway | Interface | Flags |
[    8.877249] cloud-init[954]: ci-info: +-------+-------------+---------+-----------+-------+
[    8.878293] cloud-init[954]: ci-info: |   0   |  fe80::/64  |    ::   |   enp0s3  |   U   |
[    8.879221] cloud-init[954]: ci-info: |   3   |   ff00::/8  |    ::   |   enp0s3  |   U   |
[    8.880400] cloud-init[954]: ci-info: +-------+-------------+---------+-----------+-------+
         Starting iSCSI initiator daemon (iscsid)...
[[0;32m  OK  [0m] Reached target Cloud-config availability.
[[0;32m  OK  [0m] Listening on Socket activation for snappy daemon.
[[0;32m  OK  [0m] Listening on LXD - unix socket.
[[0;32m  OK  [0m] Reached target Sockets.
[[0;32m  OK  [0m] Reached target Basic System.
[    8.888673] cloud-init[954]: Generating public/private rsa key pair.
[    8.921539] cloud-init[954]: Your identification has been saved in /etc/ssh/ssh_host_rsa_key.
[    8.928521] cloud-init[954]: Your public key has been saved in /etc/ssh/ssh_host_rsa_key.pub.
[    8.929458] cloud-init[954]: The key fingerprint is:
         Starting Pollinate to seed the pseudo random number generator...
         Starting LSB: MD monitoring daemon...
[[0;32m  OK  [0m] Started Deferred execution scheduler.
[    8.943635] cloud-init[954]: SHA256:rF7JIeTcrIOeQjkcyTqBO8cL+Z3x+QELSK3VupweDFM root@ubuntu-xenial
[[0;32m  OK  [0m] Started Regular background program processing daemon.
[    8.951400] cloud-init         Starting Virtualbox guest utils...
[[0;32m  OK  [0m] Started ACPI event daemon.
         Starting Accounts Service...
         Starting System Logging Service...
[[0;32m  OK  [0m] Started D-Bus System Message Bus.
[954]: The key's randomart image is:
[    8.958440] cloud-init[954]: +---[RSA 2048]----+
[    8.959449] cloud-init[954]: |                 |
[    8.962928] cloud-init[954]: |   . .           |
[    8.963940] cloud-init[954]: |....E o          |
[    8.964999] cloud-init[954]: |o.+= = +         |
[    8.966866] cloud-init[954]: | B=oo = S        |
[    8.968043] cloud-init[954]: |B B=.= B o       |
[    8.969157] cloud-init[954]: | B +B+=.=        |
[    8.970845] cloud-init[954]: |  +oo+oo .       |
[    8.971763] cloud-init[954]: |   .+ ...        |
[    8.973090] cloud-init[954]: +----[SHA256]-----+
[    8.974905] cloud-init[954]: Generating public/private dsa key pair.
[    8.976498] cloud-init[954]: Your identification has been saved in /etc/ssh/ssh_host_dsa_key.
[    8.977979] cloud-init[954]: Your public key has been saved in /etc/ssh/ssh_host_dsa_key.pub.
[    8.979766] cloud-init[954]: The key fingerprint is:
[    8.980968] cloud-init[954]: SHA256:6vs93EROHpNJbJjnWF4EbgKMcgWID8G6HkNBqf/oTgI root@ubuntu-xenial
[    8.988483] cloud-init[954]: The key's randomart image is:
[    8.990208] cloud-init[954]: +---[DSA 1024]----+
[    8.991311] cloud-init[954]: |.ooo ..=o  +.o.  |
[    8.992223] cloud-init[954]: | o+ o o ..o.* .  |
[    8.993300] cloud-init[954]: |...o o    .Oo+   |
[    8.994197] cloud-init[954]: |o.  .     .oX    |
[    8.995425] cloud-init[954]: |Eo      S  = o   |
[    8.996761] cloud-init[954]: |oo.    .    +    |
[    8.997682] cloud-init[954]: |o +o  .  . o     |
[    8.998770] cloud-init[954]: | +. ..   .o .    |
[[0;32m  OK  [0m] Started FUSE filesystem for LXC.
[    8.999856]          Starting /etc/rc.local Compatibility...
         Starting Login Service...
         Starting LSB: Record successful boot for GRUB...
cloud-init[954]:          Starting LXD - container startup/shutdown...
| oo   oo. ..     |
         Starting Snappy daemon...
[[0;32m  OK  [0m] Started System Logging Service.
[[0;32m  OK  [0m] Started iSCSI initiator daemon (iscsid).
[[0;32m  OK  [0m] Started /etc/rc.local Compatibility.
[    9.011959] cloud-init[954]:          Starting Authenticate and Authorize Users to Run Privileged Tasks...
         Starting Login to default iSCSI targets...
+----[SHA256]-----+
[    9.022930] cloud-init[954]: Generating public/private ecdsa key pair.[[0;32m  OK  [0m] Started Login Service.
[[0;32m  OK  [0m] Started Unattended Upgrades Shutdown.

[    9.033140] cloud-init[954]: Your identification has been saved in /etc/ssh/ssh_host_ecdsa_key.
[    9.034831] cloud-init[954]: Your public key has been saved in /etc/ssh/ssh_host_ecdsa_key.pub.
[    9.039627] cloud-init[954]: The key fingerprint is:
[    9.040885] cloud-init[954]: SHA256:MJBKjNsy/AVyPTUGXxqQcF1xtPAUIp5Dg8ZODz3ZWYA root@ubuntu-xenial
[    9.042293] cloud-init[954]: The key's randomart image is:
[    9.043522] cloud-init[954]: +---[ECDSA 256]---+
[    9.049075] cloud-init[954]: | o .==OO=B**.    |
[    9.050174] cloud-init[954]: |..ooo@=EOo* .    |
[    9.056389] cloud-init[[0;32m  OK  [0m] Started LSB: MD monitoring daemon.
[954]: [[0;32m  OK  [0m] Started Login to default iSCSI targets.
[[0;32m  OK  [0m] Reached target Remote File Systems (Pre).
[[0;32m  OK  [0m] Reached target Remote File Systems.
         Starting LSB: Set the CPU Frequency Scaling governor to "ondemand"...
         Starting LSB: daemon to balance interrupts for SMP systems...
         Starting Permit User Sessions...
         Starting LSB: automatic crash report generation...
[[0;32m  OK  [0m] Started Permit User Sessions.
[[0;32m  OK  [0m] Started Authenticate and Authorize Users to Run Privileged Tasks.
         Starting Terminate Plymouth Boot Screen...
         Starting Hold until boot process finishes up...
[[0;32m  OK  [0m] Started LSB: Record successful boot for GRUB.
[[0;32m  OK  [0m] Started Hold until boot process finishes up.
         Starting Set console scheme...
[[0;32m  OK  [0m] Started Getty on tty1.
[[0;32m  OK  [0m] Started Serial Getty on ttyS0.
[[0;32m  OK  [0m] Reached target Login Prompts.
|.+o.= **.  o     |
[    9.107069] [[0;32m  OK  [0m] Started Terminate Plymouth Boot Screen.
[[0;32m  OK  [0m] Started LSB: Set the CPU Frequency Scaling governor to "ondemand".
[[0;32m  OK  [0m] Started Set console scheme.
cloud-init[954]: |+.o  o +.        |
[[0;32m  OK  [0m] Started Accounts Service.
[    9.113144] cloud-init[954]: | o. .   S        |
[    9.114655] cloud-init[954]: |   .             |
[    9.115741] cloud-init[954]: |                 |
[    9.116879] cloud-init[954]: |                 |
[    9.121736] cloud-init[954]: |                 |
[    9.122820] cloud-init[954]: +----[SHA256]-----+[[0;32m  OK  [0m] Started LSB: automatic crash report generation.

[    9.130872] cloud-init[954]: Generating public/private ed25519 key pair.
[    9.132385] cloud-init[954]: Your identification has been saved in /etc/ssh/ssh_host_ed25519_key.
[    9.138227] cloud-init[954]: [[0;32m  OK  [0m] Started LSB: daemon to balance interrupts for SMP systems.
Your public key has been saved in /etc/ssh/ssh_host_ed25519_key.pub.
[    9.146581] cloud-init[954]: The key fingerprint is:
[    9.156702] cloud-init[954]: SHA256:BMIEmgp0Cm5ic2KaH66zyl8FqU7Y69WbotGDl9gC/to root@ubuntu-xenial
[    9.165086] cloud-init[954]: The key's randomart image is:
[    9.173835] cloud-init[954]: +--[ED25519 256]--+
[[0;32m  OK  [0m] Started Virtualbox guest utils.
[    9.185537] cloud-init[954]: |...=o .          |
[    9.196475] cloud-init[954]: |+oo ....         |
[    9.197545] cloud-init[954]: |=O . o  .        |
[    9.204504] cloud-init[954]: |O.* . ..         |
[    9.205250] cloud-init[954]: |+o.+   .S        |
[    9.206218] cloud-init[954]: |.o+.* +          |
[    9.207024] cloud-init[954]: | .oB O .         |
[    9.209235] cloud-init[954]: |o.+ *.. o        |
[    9.213182] cloud-init[954]: |==oE. .o         |
[    9.213880] cloud-init[954]: +----[SHA256]-----+
[[0;32m  OK  [0m] Started LXD - container startup/shutdown.
[[0;32m  OK  [0m] Started Pollinate to seed the pseudo random number generator.
         Starting OpenBSD Secure Shell server...
[[0;32m  OK  [0m] Started OpenBSD Secure Shell server.
[[0;32m  OK  [0m] Started Snappy daemon.
         Starting Wait until snapd is fully seeded...
[[0;32m  OK  [0m] Started Wait until snapd is fully seeded.
         Starting Apply the settings specified in cloud-config...
[[0;32m  OK  [0m] Reached target Multi-User System.
[[0;32m  OK  [0m] Reached target Graphical Interface.
         Starting Update UTMP about System Runlevel Changes...
[[0;32m  OK  [0m] Started Update UTMP about System Runlevel Changes.
[   10.177391] cloud-init[1313]: Generating locales (this might take a while)...
[   10.754041] cloud-init[1313]:   en_US.UTF-8... done
[   10.764316] cloud-init[1313]: Generation complete.
[   10.972884] cloud-init[1313]: Cloud-init v. 19.2-36-g059d049c-0ubuntu2~16.04.1 running 'modules:config' at Wed, 18 Dec 2019 11:51:30 +0000. Up 10.10 seconds.
[[0;32m  OK  [0m] Started Apply the settings specified in cloud-config.
         Starting Execute cloud user/final scripts...
ci-info: no authorized ssh keys fingerprints found for user ubuntu.
<14>Dec 18 11:51:32 ec2: 
<14>Dec 18 11:51:32 ec2: #############################################################
<14>Dec 18 11:51:32 ec2: -----BEGIN SSH HOST KEY FINGERPRINTS-----
<14>Dec 18 11:51:32 ec2: 1024 SHA256:6vs93EROHpNJbJjnWF4EbgKMcgWID8G6HkNBqf/oTgI root@ubuntu-xenial (DSA)
<14>Dec 18 11:51:32 ec2: 256 SHA256:MJBKjNsy/AVyPTUGXxqQcF1xtPAUIp5Dg8ZODz3ZWYA root@ubuntu-xenial (ECDSA)
<14>Dec 18 11:51:32 ec2: 256 SHA256:BMIEmgp0Cm5ic2KaH66zyl8FqU7Y69WbotGDl9gC/to root@ubuntu-xenial (ED25519)
<14>Dec 18 11:51:32 ec2: 2048 SHA256:rF7JIeTcrIOeQjkcyTqBO8cL+Z3x+QELSK3VupweDFM root@ubuntu-xenial (RSA)
<14>Dec 18 11:51:32 ec2: -----END SSH HOST KEY FINGERPRINTS-----
<14>Dec 18 11:51:32 ec2: #############################################################
-----BEGIN SSH HOST KEY KEYS-----
ecdsa-sha2-nistp256 AAAAE2VjZHNhLXNoYTItbmlzdHAyNTYAAAAIbmlzdHAyNTYAAABBBH6+F6b9wSTWcqRVCAxl/420DZpPFssG+hT6ocVt9MB+KgDeA5AOPbE53eOL0zCK0fVQ3GOy/nPtrUkqF9Ly1YY= root@ubuntu-xenial
ssh-ed25519 AAAAC3NzaC1lZDI1NTE5AAAAIFZnLGS6Q5pjIxFZdbCA9cw9G03l8S/BHR4T4MgHv2m3 root@ubuntu-xenial
ssh-rsa AAAAB3NzaC1yc2EAAAADAQABAAABAQCzJ/BFrqe9AOCfTNVvOtSU6FBCXQccVlbbDERsAqU5m2uBTyQsm3HZRRSnJxb/LDqAB27v1z/pso1fH6LTe0Y/vjZFNMqjtKune/4ttgfvNg0nPGlX8rma0xO9rG+5nefd3bbz2mXuS6r9yrzUN3me0l9JpCHBDlHgUmGrgFD5OpDyFGsQGzSmiX8o7vq24Yyz681/WQSy3gygSIYkoqGwgxBy013CQMuoLQk/KgBHm4tbH3aN0kRTkGb+AXVljo8nM0XAZmPtqEd0GlvI7idwsTaZtyWOzvJ0ZIpmz2XHfrmqKVhnesxj5x0PgK0HGjZpY08QPAhxq/JEV/+Hu9KL root@ubuntu-xenial
-----END SSH HOST KEY KEYS-----
[   11.325369] cloud-init[1355]: Cloud-init v. 19.2-36-g059d049c-0ubuntu2~16.04.1 running 'modules:final' at Wed, 18 Dec 2019 11:51:32 +0000. Up 11.21 seconds.
[   11.333277] cloud-init[1355]: ci-info: no authorized ssh keys fingerprints found for user ubuntu.
[   11.334247] cloud-init[1355]: Cloud-init v. 19.2-36-g059d049c-0ubuntu2~16.04.1 finished at Wed, 18 Dec 2019 11:51:32 +0000. Datasource DataSourceNoCloud [seed=/dev/sdb][dsmode=net].  Up 11.32 seconds
[[0;32m  OK  [0m] Started Execute cloud user/final scripts.
[[0;32m  OK  [0m] Reached target Cloud-init target.

Ubuntu 16.04.6 LTS ubuntu-xenial ttyS0

ubuntu-xenial login: 